<?xml version="1.0" encoding="UTF-8"?>
<!-- Generated by org.testng.reporters.JUnitReportReporter -->
<testsuite hostname="IB-SEZ-LAP-967" failures="0" tests="1" name="TestCase.Class_B" time="0.004" errors="0" timestamp="2023-08-28T13:21:15 IST" skipped="0">
  <testcase classname="TestCase.Class_B" name="fourthTest" time="0.004"/>
  <system-out/>
</testsuite> <!-- TestCase.Class_B -->
