<?xml version="1.0" encoding="UTF-8"?>
<!-- Generated by org.testng.reporters.JUnitReportReporter -->
<testsuite hostname="IB-SEZ-LAP-967" failures="0" tests="1" name="TestCase.ExploreTestFramework" time="7.244" errors="0" timestamp="2023-08-31T12:24:04 IST" skipped="0">
  <testcase classname="TestCase.ExploreTestFramework" name="exploretest" time="7.244"/>
</testsuite> <!-- TestCase.ExploreTestFramework -->
