<?xml version="1.0" encoding="UTF-8"?>
<!-- Generated by org.testng.reporters.JUnitReportReporter -->
<testsuite hostname="IB-SEZ-LAP-967" failures="0" tests="1" name="TestCase.TC_ValidateSearchBar_001" time="11.208" errors="0" timestamp="2023-08-25T16:58:23 IST" skipped="0">
  <testcase classname="TestCase.TC_ValidateSearchBar_001" name="ValidateSearchBar" time="11.208"/>
  <system-out/>
</testsuite> <!-- TestCase.TC_ValidateSearchBar_001 -->
