<?xml version="1.0" encoding="UTF-8"?>
<!-- Generated by org.testng.reporters.JUnitReportReporter -->
<testsuite hostname="IB-SEZ-LAP-967" failures="0" tests="1" name="TestCase.Sample_testNG" time="6.854" errors="0" timestamp="2023-08-24T18:58:34 IST" skipped="0">
  <testcase classname="TestCase.Sample_testNG" name="runtestNG" time="6.854"/>
  <system-out/>
</testsuite> <!-- TestCase.Sample_testNG -->
