<?xml version="1.0" encoding="UTF-8"?>
<!-- Generated by org.testng.reporters.JUnitReportReporter -->
<testsuite hostname="IB-SEZ-LAP-967" failures="0" tests="1" name="TestCase.DuplicateExploreFramework" time="9.915" errors="0" timestamp="2023-08-29T12:35:12 IST" skipped="0">
  <testcase classname="TestCase.DuplicateExploreFramework" name="exploretest" time="9.915"/>
</testsuite> <!-- TestCase.DuplicateExploreFramework -->
